2026-06-05T19:35:46.566+05:30  INFO 24664 --- [restartedMain] com.example.RestApi.RestApiApplication   : Starting RestApiApplication using Java 21.0.8 with PID 24664 (D:\Work\Java-SpringBoot-Projects\spring-rest-api\target\classes started by jayak in D:\Work\Java-SpringBoot-Projects\spring-rest-api)
2026-06-05T19:35:46.567+05:30  INFO 24664 --- [restartedMain] com.example.RestApi.RestApiApplication   : No active profile set, falling back to 1 default profile: "default"
2026-06-05T19:35:46.593+05:30  INFO 24664 --- [restartedMain] .e.DevToolsPropertyDefaultsPostProcessor : Devtools property defaults active! Set 'spring.devtools.add-properties' to 'false' to disable
2026-06-05T19:35:46.594+05:30  INFO 24664 --- [restartedMain] .e.DevToolsPropertyDefaultsPostProcessor : For additional web related logging consider setting the 'logging.level.web' property to 'DEBUG'
2026-06-05T19:35:47.073+05:30  INFO 24664 --- [restartedMain] .s.d.r.c.RepositoryConfigurationDelegate : Bootstrapping Spring Data JPA repositories in DEFAULT mode.
2026-06-05T19:35:47.116+05:30  INFO 24664 --- [restartedMain] .s.d.r.c.RepositoryConfigurationDelegate : Finished Spring Data repository scanning in 38 ms. Found 2 JPA repository interfaces.
2026-06-05T19:35:47.472+05:30  INFO 24664 --- [restartedMain] o.s.b.w.embedded.tomcat.TomcatWebServer  : Tomcat initialized with port 8080 (http)
2026-06-05T19:35:47.483+05:30  INFO 24664 --- [restartedMain] o.apache.catalina.core.StandardService   : Starting service [Tomcat]
2026-06-05T19:35:47.483+05:30  INFO 24664 --- [restartedMain] o.apache.catalina.core.StandardEngine    : Starting Servlet engine: [Apache Tomcat/10.1.19]
2026-06-05T19:35:47.512+05:30  INFO 24664 --- [restartedMain] o.a.c.c.C.[Tomcat].[localhost].[/]       : Initializing Spring embedded WebApplicationContext
2026-06-05T19:35:47.513+05:30  INFO 24664 --- [restartedMain] w.s.c.ServletWebServerApplicationContext : Root WebApplicationContext: initialization completed in 916 ms
2026-06-05T19:35:47.532+05:30  INFO 24664 --- [restartedMain] com.zaxxer.hikari.HikariDataSource       : HikariPool-1 - Starting...
2026-06-05T19:35:47.653+05:30  INFO 24664 --- [restartedMain] com.zaxxer.hikari.pool.HikariPool        : HikariPool-1 - Added connection conn0: url=jdbc:h2:mem:user_management user=SA
2026-06-05T19:35:47.655+05:30  INFO 24664 --- [restartedMain] com.zaxxer.hikari.HikariDataSource       : HikariPool-1 - Start completed.
2026-06-05T19:35:47.662+05:30  INFO 24664 --- [restartedMain] o.s.b.a.h2.H2ConsoleAutoConfiguration    : H2 console available at '/h2-console'. Database available at 'jdbc:h2:mem:user_management'
2026-06-05T19:35:47.758+05:30  INFO 24664 --- [restartedMain] o.hibernate.jpa.internal.util.LogHelper  : HHH000204: Processing PersistenceUnitInfo [name: default]
2026-06-05T19:35:47.786+05:30  INFO 24664 --- [restartedMain] org.hibernate.Version                    : HHH000412: Hibernate ORM core version 6.4.4.Final
2026-06-05T19:35:47.803+05:30  INFO 24664 --- [restartedMain] o.h.c.internal.RegionFactoryInitiator    : HHH000026: Second-level cache disabled
2026-06-05T19:35:47.927+05:30  INFO 24664 --- [restartedMain] o.s.o.j.p.SpringPersistenceUnitInfo      : No LoadTimeWeaver setup: ignoring JPA class transformer
2026-06-05T19:35:47.956+05:30  WARN 24664 --- [restartedMain] org.hibernate.orm.deprecation            : HHH90000025: H2Dialect does not need to be specified explicitly using 'hibernate.dialect' (remove the property setting and it will be selected by default)
2026-06-05T19:35:48.486+05:30  INFO 24664 --- [restartedMain] o.h.e.t.j.p.i.JtaPlatformInitiator       : HHH000489: No JTA platform available (set 'hibernate.transaction.jta.platform' to enable JTA platform integration)
2026-06-05T19:35:48.536+05:30  INFO 24664 --- [restartedMain] j.LocalContainerEntityManagerFactoryBean : Initialized JPA EntityManagerFactory for persistence unit 'default'
2026-06-05T19:35:48.781+05:30  WARN 24664 --- [restartedMain] JpaBaseConfiguration$JpaWebConfiguration : spring.jpa.open-in-view is enabled by default. Therefore, database queries may be performed during view rendering. Explicitly configure spring.jpa.open-in-view to disable this warning
2026-06-05T19:35:48.935+05:30  INFO 24664 --- [restartedMain] o.s.s.web.DefaultSecurityFilterChain     : Will secure any request with [org.springframework.security.web.session.DisableEncodeUrlFilter@48a6e0b5, org.springframework.security.web.context.request.async.WebAsyncManagerIntegrationFilter@2bfcd4b8, org.springframework.security.web.context.SecurityContextHolderFilter@2d49c131, org.springframework.security.web.header.HeaderWriterFilter@d503553, org.springframework.web.filter.CorsFilter@6739cf82, org.springframework.security.web.authentication.logout.LogoutFilter@4b9726b1, com.example.RestApi.security.JwtFilter@59b39533, org.springframework.security.web.savedrequest.RequestCacheAwareFilter@29e3c27c, org.springframework.security.web.servletapi.SecurityContextHolderAwareRequestFilter@51fd19cf, org.springframework.security.web.authentication.AnonymousAuthenticationFilter@31bd6ac7, org.springframework.security.web.session.SessionManagementFilter@47fabf44, org.springframework.security.web.access.ExceptionTranslationFilter@1acc3b3c, org.springframework.security.web.access.intercept.AuthorizationFilter@2c59ec1d]
2026-06-05T19:35:49.097+05:30  INFO 24664 --- [restartedMain] o.s.b.d.a.OptionalLiveReloadServer       : LiveReload server is running on port 35729
2026-06-05T19:35:49.122+05:30  INFO 24664 --- [restartedMain] o.s.b.w.embedded.tomcat.TomcatWebServer  : Tomcat started on port 8080 (http) with context path ''
2026-06-05T19:35:49.128+05:30  INFO 24664 --- [restartedMain] com.example.RestApi.RestApiApplication   : Started RestApiApplication in 2.791 seconds (process running for 3.042)
2026-06-05T19:36:53.758+05:30  INFO 24664 --- [http-nio-8080-exec-1] o.a.c.c.C.[Tomcat].[localhost].[/]       : Initializing Spring DispatcherServlet 'dispatcherServlet'
2026-06-05T19:36:53.758+05:30  INFO 24664 --- [http-nio-8080-exec-1] o.s.web.servlet.DispatcherServlet        : Initializing Servlet 'dispatcherServlet'
2026-06-05T19:36:53.759+05:30  INFO 24664 --- [http-nio-8080-exec-1] o.s.web.servlet.DispatcherServlet        : Completed initialization in 1 ms
2026-06-05T19:36:54.446+05:30  INFO 24664 --- [http-nio-8080-exec-6] o.springdoc.api.AbstractOpenApiResource  : Init duration for springdoc-openapi is: 451 ms
